()
()
()
(())
NO
NO
NO
NO
NO
NO
(()(()()(()))())()()((((()))()))
NO
((()(()(()(()(())((((((()()()((()(((()))((((((())(()(((((((()(((((((((((((((((()((((()(((((((())())((())())(()()())((()((()(()()((((()((())(()()()())((((((((((((((((()())((()((())))()(()(())(()((())()((()((()(()))(()(()((()((())))(())))(()))))())()))))())())))()()))))))(()))))()())()())()())()())())))(()(())))))()()))()))()())()))()))())()((())())))(((())))))))))(())))))())()()))())))((()()(())()))((()()())))))(()))))(())(())()()()))))))(()((((()))))))))((()())))())))))))(((()()())())())))))
NO
NO
NO
NO
NO
NO
NO
NO
NO
NO
NO
()(((()(((()))(()()((())(((((())((()))((((())())()(())(())())((((()())(())()(((()))((((()((((((())(((((()(((()))()())))()))()()))))))())))())))()))())))((())))))()))())))
NO
NO
NO
NO
NO
NO
NO
NO
NO
NO
()(((((()((((((((((((((()((()()(()))())(((((((((()(()))(())((()(((()()(((((()(((((((((()()((()))()(())))(()((((()(((((()()()(((()((((()()))(((()((()())((()()((()((()((()))(((())((()(((())(()()()(())())((((()((()(((((())()(())())()()((((()((()(()(((()(()())((())((()))(((()(()((((((()()(()(((()((((((((()(((())())()((()))((((((()((((()((()()()()(((((()((()(((()))(((((((((((()(()(((()(((()((()(()(((())()))(((()))()))))()))())))())(())()())))))()))))(((())))())))))))(())()))))())(())))((((())()))((())))(())))))))(()))()()()))((()))((()()))()))(()())(()()))))(())()))())((()())(()()))))())()()()))()))))))))())))()))))))((()()))))))))()))()))(((()))()))()())(()))()()))()))))))()))))()())()))())))()(())()(()())))()))()))()()(()())())))()(((()))))))()()))()))())())))())))(()(())))))((()))))))))((()(())))))))))())))()))))(()))()(()())()))))))))((()(()()))))()))()
NO
NO
NO
NO
NO
NO
NO
NO
NO
NO
NO
NO
NO
NO
(())(((((()())(((((((((((())(((()(((((((((((()()())))()()))(())))()))))))(())())))))()))))()(())())((())))))))()
NO
NO
NO
NO
NO
NO
